<?xml version="1.0" encoding="utf-8"?><testsuites name="pytest tests"><testsuite name="pytest" errors="0" failures="0" skipped="0" tests="9" time="11.578" timestamp="2026-04-20T23:22:19.757770+00:00" hostname="agent-env-83d4419e-d64d-404b-8ce3-44b72c68fbb9"><testcase classname="backend.tests.backend_test" name="test_get_config" time="0.005" /><testcase classname="backend.tests.backend_test" name="test_list_locations" time="0.089" /><testcase classname="backend.tests.backend_test" name="test_get_location_by_id" time="0.043" /><testcase classname="backend.tests.backend_test" name="test_get_location_404" time="0.043" /><testcase classname="backend.tests.backend_test" name="test_add_comment" time="0.085" /><testcase classname="backend.tests.backend_test" name="test_add_and_remove_tag" time="0.169" /><testcase classname="backend.tests.backend_test" name="test_upload_and_get_image" time="1.153" /><testcase classname="backend.tests.backend_test" name="test_ai_analyze" time="9.842" /><testcase classname="backend.tests.backend_test" name="test_emergency_send" time="0.084" /></testsuite></testsuites>